#
# There is insufficient memory for the Java Runtime Environment to continue.
# Native memory allocation (mmap) failed to map 266338304 bytes for G1 virtual space
# Possible reasons:
#   The system is out of physical RAM or swap space
#   The process is running with CompressedOops enabled, and the Java Heap may be blocking the growth of the native heap
# Possible solutions:
#   Reduce memory load on the system
#   Increase physical memory or swap space
#   Check if swap backing store is full
#   Decrease Java heap size (-Xmx/-Xms)
#   Decrease number of Java threads
#   Decrease Java thread stack sizes (-Xss)
#   Set larger code cache with -XX:ReservedCodeCacheSize=
#   JVM is running with Zero Based Compressed Oops mode in which the Java heap is
#     placed in the first 32GB address space. The Java Heap base address is the
#     maximum limit for the native heap growth. Please use -XX:HeapBaseMinAddress
#     to set the Java Heap base and to place the Java Heap above 32GB virtual address.
# This output file may be truncated or incomplete.
#
#  Out of Memory Error (os_windows.cpp:3600), pid=6232, tid=9152
#
# JRE version:  (21.0.2+13) (build )
# Java VM: Java HotSpot(TM) 64-Bit Server VM (21.0.2+13-LTS-58, mixed mode, sharing, tiered, compressed oops, compressed class ptrs, g1 gc, windows-amd64)
# No core dump will be written. Minidumps are not enabled by default on client versions of Windows
#

---------------  S U M M A R Y ------------

Command Line: -Dnet.bytebuddy.agent.attacher.dump= net.bytebuddy.agent.Attacher com.sun.tools.attach.VirtualMachine 9644 C:\Users\Admin\.m2\repository\net\bytebuddy\byte-buddy-agent\1.14.19\byte-buddy-agent-1.14.19.jar false 

Host: Intel(R) Core(TM) i5-10210U CPU @ 1.60GHz, 8 cores, 15G,  Windows 10 , 64 bit Build 19041 (10.0.19041.5794)
Time: Sat May 24 16:45:50 2025 SE Asia Standard Time elapsed time: 0.006724 seconds (0d 0h 0m 0s)

---------------  T H R E A D  ---------------

Current thread (0x00000248f7d8b980):  JavaThread "Unknown thread" [_thread_in_vm, id=9152, stack(0x0000008ae0b00000,0x0000008ae0c00000) (1024K)]

Stack: [0x0000008ae0b00000,0x0000008ae0c00000]
Native frames: (J=compiled Java code, j=interpreted, Vv=VM code, C=native code)
V  [jvm.dll+0x6cade9]
V  [jvm.dll+0x8569c1]
V  [jvm.dll+0x858d2e]
V  [jvm.dll+0x859413]
V  [jvm.dll+0x280e56]
V  [jvm.dll+0x6c74d5]
V  [jvm.dll+0x6bbeca]
V  [jvm.dll+0x355bca]
V  [jvm.dll+0x35d816]
V  [jvm.dll+0x3ae67e]
V  [jvm.dll+0x3ae928]
V  [jvm.dll+0x3295dc]
V  [jvm.dll+0x32a16b]
V  [jvm.dll+0x81efa9]
V  [jvm.dll+0x3bba01]
V  [jvm.dll+0x807928]
V  [jvm.dll+0x44f50e]
V  [jvm.dll+0x450e11]
C  [jli.dll+0x52a3]
C  [ucrtbase.dll+0x21bb2]
C  [KERNEL32.DLL+0x17374]
C  [ntdll.dll+0x4cc91]


---------------  P R O C E S S  ---------------

Threads class SMR info:
_java_thread_list=0x00007ffff230bb88, length=0, elements={
}

Java Threads: ( => current thread )
Total: 0

Other Threads:
  0x00000248fa0ef3f0 WorkerThread "GC Thread#0"                     [id=11016, stack(0x0000008ae0c00000,0x0000008ae0d00000) (1024K)]
  0x00000248fa101120 ConcurrentGCThread "G1 Main Marker"            [id=15028, stack(0x0000008ae0d00000,0x0000008ae0e00000) (1024K)]
  0x00000248fa1035f0 WorkerThread "G1 Conc#0"                       [id=10208, stack(0x0000008ae0e00000,0x0000008ae0f00000) (1024K)]

[error occurred during error reporting (printing all threads), id 0xc0000005, EXCEPTION_ACCESS_VIOLATION (0xc0000005) at pc=0x00007ffff1a7c6a7]
VM state: not at safepoint (not fully initialized)

VM Mutex/Monitor currently owned by a thread:  ([mutex/lock_event])
[0x00007ffff237ce68] Heap_lock - owner thread: 0x00000248f7d8b980

Heap address: 0x0000000702c00000, size: 4052 MB, Compressed Oops mode: Zero based, Oop shift amount: 3

CDS archive(s) mapped at: [0x0000000000000000-0x0000000000000000-0x0000000000000000), size 0, SharedBaseAddress: 0x0000000800000000, ArchiveRelocationMode: 1.
Narrow klass base: 0x0000000000000000, Narrow klass shift: 0, Narrow klass range: 0x0

GC Precious Log:
 CardTable entry size: 512
 Card Set container configuration: InlinePtr #cards 4 size 8 Array Of Cards #cards 16 size 48 Howl #buckets 8 coarsen threshold 3686 Howl Bitmap #cards 512 size 80 coarsen threshold 460 Card regions per heap region 1 cards per card region 4096

Heap:
 garbage-first heap   total 0K, used 0K [0x0000000702c00000, 0x0000000800000000)
  region size 2048K, 0 young (0K), 0 survivors (0K)

[error occurred during error reporting (printing heap information), id 0xc0000005, EXCEPTION_ACCESS_VIOLATION (0xc0000005) at pc=0x00007ffff1e639f9]
GC Heap History (0 events):
No events

Dll operation events (1 events):
Event: 0.004 Loaded shared library C:\Program Files\Java\jdk-21\bin\java.dll

Deoptimization events (0 events):
No events

Classes loaded (0 events):
No events

Classes unloaded (0 events):
No events

Classes redefined (0 events):
No events

Internal exceptions (0 events):
No events

ZGC Phase Switch (0 events):
No events

VM Operations (0 events):
No events

Events (0 events):
No events


Dynamic libraries:
0x00007ff703420000 - 0x00007ff703430000 	C:\Program Files\Java\jdk-21\bin\java.exe
0x00007ff82f870000 - 0x00007ff82fa68000 	C:\Windows\SYSTEM32\ntdll.dll
0x00007ff82e610000 - 0x00007ff82e6d2000 	C:\Windows\System32\KERNEL32.DLL
0x00007ff82d280000 - 0x00007ff82d576000 	C:\Windows\System32\KERNELBASE.dll
0x00007ff82d720000 - 0x00007ff82d820000 	C:\Windows\System32\ucrtbase.dll
0x00007ff829bd0000 - 0x00007ff829be9000 	C:\Program Files\Java\jdk-21\bin\jli.dll
0x00007ff829bb0000 - 0x00007ff829bcb000 	C:\Program Files\Java\jdk-21\bin\VCRUNTIME140.dll
0x00007ff82ed50000 - 0x00007ff82edff000 	C:\Windows\System32\ADVAPI32.dll
0x00007ff82ebb0000 - 0x00007ff82ec4e000 	C:\Windows\System32\msvcrt.dll
0x00007ff82e6e0000 - 0x00007ff82e77f000 	C:\Windows\System32\sechost.dll
0x00007ff82dcf0000 - 0x00007ff82de13000 	C:\Windows\System32\RPCRT4.dll
0x00007ff82cf10000 - 0x00007ff82cf37000 	C:\Windows\System32\bcrypt.dll
0x00007ff82da10000 - 0x00007ff82dbad000 	C:\Windows\System32\USER32.dll
0x00007ff81b9d0000 - 0x00007ff81bc6a000 	C:\Windows\WinSxS\amd64_microsoft.windows.common-controls_6595b64144ccf1df_6.0.19041.5794_none_60bcd33171f2783c\COMCTL32.dll
0x00007ff82d5d0000 - 0x00007ff82d5f2000 	C:\Windows\System32\win32u.dll
0x00007ff82ed20000 - 0x00007ff82ed4b000 	C:\Windows\System32\GDI32.dll
0x00007ff82d600000 - 0x00007ff82d71a000 	C:\Windows\System32\gdi32full.dll
0x00007ff82cfd0000 - 0x00007ff82d06d000 	C:\Windows\System32\msvcp_win.dll
0x00007ff8272d0000 - 0x00007ff8272da000 	C:\Windows\SYSTEM32\VERSION.dll
0x00007ff82d980000 - 0x00007ff82d9af000 	C:\Windows\System32\IMM32.DLL
0x00007ff829ba0000 - 0x00007ff829bac000 	C:\Program Files\Java\jdk-21\bin\vcruntime140_1.dll
0x00007ff829b10000 - 0x00007ff829b9e000 	C:\Program Files\Java\jdk-21\bin\msvcp140.dll
0x00007ffff1740000 - 0x00007ffff2457000 	C:\Program Files\Java\jdk-21\bin\server\jvm.dll
0x00007ff82eb40000 - 0x00007ff82ebab000 	C:\Windows\System32\WS2_32.dll
0x00007ff82ccc0000 - 0x00007ff82cd0b000 	C:\Windows\SYSTEM32\POWRPROF.dll
0x00007ff81c6f0000 - 0x00007ff81c717000 	C:\Windows\SYSTEM32\WINMM.dll
0x00007ff82cca0000 - 0x00007ff82ccb2000 	C:\Windows\SYSTEM32\UMPDC.dll
0x00007ff82acb0000 - 0x00007ff82acc2000 	C:\Windows\SYSTEM32\kernel.appcore.dll
0x00007ff827630000 - 0x00007ff82763a000 	C:\Program Files\Java\jdk-21\bin\jimage.dll
0x00007ff81c940000 - 0x00007ff81cb41000 	C:\Windows\SYSTEM32\DBGHELP.DLL
0x00007ff81aab0000 - 0x00007ff81aae4000 	C:\Windows\SYSTEM32\dbgcore.DLL
0x00007ff82cf40000 - 0x00007ff82cfc2000 	C:\Windows\System32\bcryptPrimitives.dll
0x00007ff827610000 - 0x00007ff82762f000 	C:\Program Files\Java\jdk-21\bin\java.dll

dbghelp: loaded successfully - version: 4.0.5 - missing functions: none
symbol engine: initialized successfully - sym options: 0x614 - pdb path: .;C:\Program Files\Java\jdk-21\bin;C:\Windows\SYSTEM32;C:\Windows\WinSxS\amd64_microsoft.windows.common-controls_6595b64144ccf1df_6.0.19041.5794_none_60bcd33171f2783c;C:\Program Files\Java\jdk-21\bin\server

VM Arguments:
jvm_args: -Dnet.bytebuddy.agent.attacher.dump= 
java_command: net.bytebuddy.agent.Attacher com.sun.tools.attach.VirtualMachine 9644 C:\Users\Admin\.m2\repository\net\bytebuddy\byte-buddy-agent\1.14.19\byte-buddy-agent-1.14.19.jar false 
java_class_path (initial): C:\Users\Admin\.m2\repository\net\bytebuddy\byte-buddy-agent\1.14.19\byte-buddy-agent-1.14.19.jar
Launcher Type: SUN_STANDARD

[Global flags]
     intx CICompilerCount                          = 4                                         {product} {ergonomic}
     uint ConcGCThreads                            = 2                                         {product} {ergonomic}
     uint G1ConcRefinementThreads                  = 8                                         {product} {ergonomic}
   size_t G1HeapRegionSize                         = 2097152                                   {product} {ergonomic}
    uintx GCDrainStackTargetSize                   = 64                                        {product} {ergonomic}
   size_t InitialHeapSize                          = 266338304                                 {product} {ergonomic}
   size_t MarkStackSize                            = 4194304                                   {product} {ergonomic}
   size_t MaxHeapSize                              = 4248829952                                {product} {ergonomic}
   size_t MinHeapDeltaBytes                        = 2097152                                   {product} {ergonomic}
   size_t MinHeapSize                              = 8388608                                   {product} {ergonomic}
    uintx NonNMethodCodeHeapSize                   = 5839372                                {pd product} {ergonomic}
    uintx NonProfiledCodeHeapSize                  = 122909434                              {pd product} {ergonomic}
    uintx ProfiledCodeHeapSize                     = 122909434                              {pd product} {ergonomic}
    uintx ReservedCodeCacheSize                    = 251658240                              {pd product} {ergonomic}
     bool SegmentedCodeCache                       = true                                      {product} {ergonomic}
   size_t SoftMaxHeapSize                          = 4248829952                             {manageable} {ergonomic}
     bool UseCompressedOops                        = true                           {product lp64_product} {ergonomic}
     bool UseG1GC                                  = true                                      {product} {ergonomic}
     bool UseLargePagesIndividualAllocation        = false                                  {pd product} {ergonomic}

Logging:
Log output configuration:
 #0: stdout all=warning uptime,level,tags foldmultilines=false
 #1: stderr all=off uptime,level,tags foldmultilines=false

Environment Variables:
JAVA_HOME=C:\Program Files\Java\jdk-21
PATH=D:/Springboot//plugins/org.eclipse.justj.openjdk.hotspot.jre.full.win32.x86_64_17.0.8.v20230831-1047/jre/bin/server;D:/Springboot//plugins/org.eclipse.justj.openjdk.hotspot.jre.full.win32.x86_64_17.0.8.v20230831-1047/jre/bin;C:\Program Files\Common Files\Oracle\Java\javapath;"C:\Program Files\Common Files\Oracle\Java\javapath;C:\Program Files\Java\jdk-21\bin;C:\Program Files\Java\apache-maven-3.8.6\bin;";D:\DOWNLOAD\bin\;C:\Program Files\Python37\Scripts\;C:\Program Files\Python37\;C:\Windows\system32;C:\Windows;C:\Windows\System32\Wbem;C:\Windows\System32\WindowsPowerShell\v1.0\;C:\Windows\System32\OpenSSH\;C:\Program Files\dotnet\;C:\Program Files\Microsoft SQL Server\Client SDK\ODBC\170\Tools\Binn\;C:\Program Files\Azure Data Studio\bin;C:\Program Files\Java\jdk-21\bin;C:\Program Files\Java\apache-maven-3.8.6\bin;C:\Program Files (x86)\Microsoft SQL Server\160\DTS\Binn\;C:\Program Files (x86)\Microsoft SQL Server\160\Tools\Binn\;C:\Program Files\Microsoft SQL Server\160\Tools\Binn\;C:\Program Files\Microsoft SQL Server\160\DTS\Binn\;D:\GitHub\Git\cmd;C:\Program Files\Microsoft SQL Server\130\Tools\Binn\;C:\Program Files (x86)\Bitvise SSH Client;C:\Program Files\nodejs\;C:\Program Files\Sonar\sonar-scanner-5.0.1.3006-windows\bin;C:\Program Files\Microsoft SQL Server\150\Tools\Binn\;c:\Users\Admin\AppData\Local\Programs\cursor\resources\app\bin;D:\Redis;C:\Python310\Scripts\;C:\Python310\;C:\Users\Admin\AppData\Local\Microsoft\WindowsApps;C:\Users\Admin\AppData\Local\Programs\Microsoft VS Code\bin;C:\Users\Admin\.dotnet\tools;C:\Program Files\Azure Data Studio\bin;C:\Users\Admin\AppData\Local\GitHubDesktop\bin;C:\Users\Admin\AppData\Roaming\npm;D:\ChromeDev\chromedriver-win64;D:\Redis;C:\Users\Admin\AppData\Local\Programs\cursor\resources\app\bin;D:\Springboot;
USERNAME=Admin
OS=Windows_NT
PROCESSOR_IDENTIFIER=Intel64 Family 6 Model 142 Stepping 12, GenuineIntel
TMP=C:\Users\Admin\AppData\Local\Temp
TEMP=C:\Users\Admin\AppData\Local\Temp




Periodic native trim disabled

---------------  S Y S T E M  ---------------

OS:
 Windows 10 , 64 bit Build 19041 (10.0.19041.5794)
OS uptime: 0 days 4:37 hours

CPU: total 8 (initial active 8) (4 cores per cpu, 2 threads per core) family 6 model 142 stepping 12 microcode 0xca, cx8, cmov, fxsr, ht, mmx, 3dnowpref, sse, sse2, sse3, ssse3, sse4.1, sse4.2, popcnt, lzcnt, tsc, tscinvbit, avx, avx2, aes, erms, clmul, bmi1, bmi2, adx, fma, vzeroupper, clflush, clflushopt, rdtscp, f16c
Processor Information for all 8 processors :
  Max Mhz: 2112, Current Mhz: 1609, Mhz Limit: 1605

Memory: 4k page, system-wide physical 16204M (753M free)
TotalPageFile size 20300M (AvailPageFile size 215M)
current process WorkingSet (physical memory assigned to process): 10M, peak: 10M
current process commit charge ("private bytes"): 60M, peak: 314M

vm_info: Java HotSpot(TM) 64-Bit Server VM (21.0.2+13-LTS-58) for windows-amd64 JRE (21.0.2+13-LTS-58), built on 2024-01-05T18:32:24Z by "mach5one" with MS VC++ 17.1 (VS2022)

END.
